<?xml version="1.0" encoding="UTF-8"?>
<testsuite name="com.bridgelabz.codingcafe.CodingCafeApiTest" tests="1" skipped="0" failures="0" errors="0" timestamp="2020-02-04T13:57:32" hostname="admin1-LIVA-Z2V" time="6.621">
  <properties/>
  <testcase name="givenMethodForgetCampaignByCampaignShortname" classname="com.bridgelabz.codingcafe.CodingCafeApiTest" time="6.621"/>
  <system-out><![CDATA[{
    "status": "200",
    "data": {
        "id": "5e38fabf816db70006a1b597",
        "campaignName": "Test Java",
        "campaignShortName": "12231",
        "creatorName": "bridgelabz",
        "source": null,
        "location": null,
        "createdDate": "2020-02-04T05:01:51.895",
        "updatedDate": "2020-02-04T05:01:51.895",
        "startDate": "2020-02-04T00:00:00",
        "endDate": "2020-02-05T00:00:00",
        "eventDate": null,
        "interviewMessage": null,
        "interviewAddress": null,
        "maxAttemptCount": 0,
        "status": null,
        "campaignPurpose": "REGISTER_ONLY",
        "campaignType": "ONLINE_CAMPAIGN",
        "campaignTypeId": null,
        "questionSetFormatId": null,
        "templateId": null,
        "role": "QA",
        "registeredUserIds": [
            "5e39130c1d9be80006c814cb"
        ],
        "passingPercentage": 0.0,
        "resumeMinutesTime": 0,
        "tokenMinutesTime": 0,
        "campaignUrl": "http://codingcafetest-stg.bridgelabz.com/register/12231",
        "resultTemplateUrl": null,
        "additionalInformation": false,
        "paid": false,
        "default": false
    },
    "message": "Campaign retrieved successfully"
}
]]></system-out>
  <system-err><![CDATA[]]></system-err>
</testsuite>
